build/app/intermediates/manifest_merge_blame_file/debug/manifest-merger-blame-debug-report.txt
1<?xml version="1.0" encoding="utf-8"?>
2<manifest xmlns:android="http://schemas.android.com/apk/res/android"
3    package="com.example.adv_mad"
4    android:versionCode="1"
5    android:versionName="1.0.0" >
6
7    <uses-sdk
8        android:minSdkVersion="16"
9        android:targetSdkVersion="30" />
10    <!--
11         Flutter needs it to communicate with the running application
12         to allow setting breakpoints, to provide hot reload, etc.
13    -->
14    <uses-permission android:name="android.permission.INTERNET" />
14-->src/debug/AndroidManifest.xml:6:5-66
14-->src/debug/AndroidManifest.xml:6:22-64
15    <uses-permission android:name="android.permission.READ_EXTERNAL_STORAGE" />
15-->[:image_picker] AndroidManifest.xml:7:5-80
15-->[:image_picker] AndroidManifest.xml:7:22-77
16    <uses-permission android:name="android.permission.WRITE_EXTERNAL_STORAGE" />
16-->[:image_picker] AndroidManifest.xml:8:5-81
16-->[:image_picker] AndroidManifest.xml:8:22-78
17    <uses-permission android:name="android.permission.WAKE_LOCK" />
17-->[:firebase_messaging] AndroidManifest.xml:8:5-68
17-->[:firebase_messaging] AndroidManifest.xml:8:22-65
18    <uses-permission android:name="android.permission.ACCESS_NETWORK_STATE" /> <!-- Required by older versions of Google Play services to create IID tokens -->
18-->[:firebase_messaging] AndroidManifest.xml:9:5-79
18-->[:firebase_messaging] AndroidManifest.xml:9:22-76
19    <uses-permission android:name="com.google.android.c2dm.permission.RECEIVE" />
19-->[com.google.firebase:firebase-messaging:22.0.0] AndroidManifest.xml:25:5-82
19-->[com.google.firebase:firebase-messaging:22.0.0] AndroidManifest.xml:25:22-79
20    <uses-permission android:name="com.google.android.finsky.permission.BIND_GET_INSTALL_REFERRER_SERVICE" />
20-->[com.google.android.gms:play-services-measurement:19.0.0] AndroidManifest.xml:26:5-110
20-->[com.google.android.gms:play-services-measurement:19.0.0] AndroidManifest.xml:26:22-107
21
22    <application
22-->src/main/AndroidManifest.xml:3:4-40:19
23        android:name="androidx.multidex.MultiDexApplication"
24        android:appComponentFactory="androidx.core.app.CoreComponentFactory"
24-->[androidx.core:core:1.2.0] AndroidManifest.xml:24:18-86
25        android:debuggable="true"
26        android:icon="@mipmap/ic_launcher"
26-->src/main/AndroidManifest.xml:5:9-43
27        android:label="adv_mad" >
27-->src/main/AndroidManifest.xml:4:9-32
28        <activity
28-->src/main/AndroidManifest.xml:6:9-34:20
29            android:name="com.example.adv_mad.MainActivity"
29-->src/main/AndroidManifest.xml:7:13-41
30            android:configChanges="orientation|keyboardHidden|keyboard|screenSize|smallestScreenSize|locale|layoutDirection|fontScale|screenLayout|density|uiMode"
30-->src/main/AndroidManifest.xml:10:13-163
31            android:hardwareAccelerated="true"
31-->src/main/AndroidManifest.xml:11:13-47
32            android:launchMode="singleTop"
32-->src/main/AndroidManifest.xml:8:13-43
33            android:theme="@style/LaunchTheme"
33-->src/main/AndroidManifest.xml:9:13-47
34            android:windowSoftInputMode="adjustResize" >
34-->src/main/AndroidManifest.xml:12:13-55
35
36            <!--
37                 Specifies an Android theme to apply to this Activity as soon as
38                 the Android process has started. This theme is visible to the user
39                 while the Flutter UI initializes. After that, this theme continues
40                 to determine the Window background behind the Flutter UI.
41            -->
42            <meta-data
42-->src/main/AndroidManifest.xml:17:13-20:17
43                android:name="io.flutter.embedding.android.NormalTheme"
43-->src/main/AndroidManifest.xml:18:15-70
44                android:resource="@style/NormalTheme" />
44-->src/main/AndroidManifest.xml:19:15-52
45            <!--
46                 Displays an Android View that continues showing the launch screen
47                 Drawable until Flutter paints its first frame, then this splash
48                 screen fades out. A splash screen is useful to avoid any visual
49                 gap between the end of Android's launch screen and the painting of
50                 Flutter's first frame.
51            -->
52            <meta-data
52-->src/main/AndroidManifest.xml:26:13-29:17
53                android:name="io.flutter.embedding.android.SplashScreenDrawable"
53-->src/main/AndroidManifest.xml:27:15-79
54                android:resource="@drawable/launch_background" />
54-->src/main/AndroidManifest.xml:28:15-61
55
56            <intent-filter>
56-->src/main/AndroidManifest.xml:30:13-33:29
57                <action android:name="android.intent.action.MAIN" />
57-->src/main/AndroidManifest.xml:31:17-68
57-->src/main/AndroidManifest.xml:31:25-66
58
59                <category android:name="android.intent.category.LAUNCHER" />
59-->src/main/AndroidManifest.xml:32:17-76
59-->src/main/AndroidManifest.xml:32:27-74
60            </intent-filter>
61        </activity>
62        <!--
63             Don't delete the meta-data below.
64             This is used by the Flutter tool to generate GeneratedPluginRegistrant.java
65        -->
66        <meta-data
66-->src/main/AndroidManifest.xml:37:9-39:33
67            android:name="flutterEmbedding"
67-->src/main/AndroidManifest.xml:38:13-44
68            android:value="2" />
68-->src/main/AndroidManifest.xml:39:13-30
69
70        <service
70-->[:firebase_storage] AndroidManifest.xml:8:9-12:19
71            android:name="com.google.firebase.components.ComponentDiscoveryService"
71-->[:firebase_storage] AndroidManifest.xml:8:18-89
72            android:directBootAware="true"
72-->[com.google.firebase:firebase-common:20.0.0] AndroidManifest.xml:35:13-43
73            android:exported="false" >
73-->[com.google.firebase:firebase-analytics-ktx:19.0.0] AndroidManifest.xml:10:13-37
74            <meta-data
74-->[:firebase_storage] AndroidManifest.xml:9:13-11:85
75                android:name="com.google.firebase.components:io.flutter.plugins.firebase.storage.FlutterFirebaseAppRegistrar"
75-->[:firebase_storage] AndroidManifest.xml:10:17-126
76                android:value="com.google.firebase.components.ComponentRegistrar" />
76-->[:firebase_storage] AndroidManifest.xml:11:17-82
77            <meta-data
77-->[:firebase_messaging] AndroidManifest.xml:34:13-36:85
78                android:name="com.google.firebase.components:io.flutter.plugins.firebase.messaging.FlutterFirebaseAppRegistrar"
78-->[:firebase_messaging] AndroidManifest.xml:35:17-128
79                android:value="com.google.firebase.components.ComponentRegistrar" />
79-->[:firebase_messaging] AndroidManifest.xml:36:17-82
80            <meta-data
80-->[:cloud_firestore] AndroidManifest.xml:9:13-11:85
81                android:name="com.google.firebase.components:io.flutter.plugins.firebase.firestore.FlutterFirebaseFirestoreRegistrar"
81-->[:cloud_firestore] AndroidManifest.xml:10:17-134
82                android:value="com.google.firebase.components.ComponentRegistrar" />
82-->[:cloud_firestore] AndroidManifest.xml:11:17-82
83            <meta-data
83-->[:firebase_auth] AndroidManifest.xml:9:13-11:85
84                android:name="com.google.firebase.components:io.flutter.plugins.firebase.auth.FlutterFirebaseAuthRegistrar"
84-->[:firebase_auth] AndroidManifest.xml:10:17-124
85                android:value="com.google.firebase.components.ComponentRegistrar" />
85-->[:firebase_auth] AndroidManifest.xml:11:17-82
86            <meta-data
86-->[:firebase_core] AndroidManifest.xml:9:13-11:85
87                android:name="com.google.firebase.components:io.flutter.plugins.firebase.core.FlutterFirebaseCoreRegistrar"
87-->[:firebase_core] AndroidManifest.xml:10:17-124
88                android:value="com.google.firebase.components.ComponentRegistrar" />
88-->[:firebase_core] AndroidManifest.xml:11:17-82
89            <meta-data
89-->[com.google.firebase:firebase-analytics-ktx:19.0.0] AndroidManifest.xml:11:13-13:85
90                android:name="com.google.firebase.components:com.google.firebase.analytics.ktx.FirebaseAnalyticsKtxRegistrar"
90-->[com.google.firebase:firebase-analytics-ktx:19.0.0] AndroidManifest.xml:12:17-126
91                android:value="com.google.firebase.components.ComponentRegistrar" />
91-->[com.google.firebase:firebase-analytics-ktx:19.0.0] AndroidManifest.xml:13:17-82
92            <meta-data
92-->[com.google.firebase:firebase-messaging-ktx:22.0.0] AndroidManifest.xml:29:13-31:85
93                android:name="com.google.firebase.components:com.google.firebase.messaging.ktx.FirebaseMessagingKtxRegistrar"
93-->[com.google.firebase:firebase-messaging-ktx:22.0.0] AndroidManifest.xml:30:17-126
94                android:value="com.google.firebase.components.ComponentRegistrar" />
94-->[com.google.firebase:firebase-messaging-ktx:22.0.0] AndroidManifest.xml:31:17-82
95            <meta-data
95-->[com.google.firebase:firebase-common-ktx:20.0.0] AndroidManifest.xml:15:13-17:85
96                android:name="com.google.firebase.components:com.google.firebase.ktx.FirebaseCommonKtxRegistrar"
96-->[com.google.firebase:firebase-common-ktx:20.0.0] AndroidManifest.xml:16:17-113
97                android:value="com.google.firebase.components.ComponentRegistrar" />
97-->[com.google.firebase:firebase-common-ktx:20.0.0] AndroidManifest.xml:17:17-82
98            <meta-data
98-->[com.google.firebase:firebase-messaging:22.0.0] AndroidManifest.xml:52:13-54:85
99                android:name="com.google.firebase.components:com.google.firebase.messaging.FirebaseMessagingRegistrar"
99-->[com.google.firebase:firebase-messaging:22.0.0] AndroidManifest.xml:53:17-119
100                android:value="com.google.firebase.components.ComponentRegistrar" />
100-->[com.google.firebase:firebase-messaging:22.0.0] AndroidManifest.xml:54:17-82
101            <meta-data
101-->[com.google.firebase:firebase-datatransport:18.0.0] AndroidManifest.xml:28:13-30:85
102                android:name="com.google.firebase.components:com.google.firebase.datatransport.TransportRegistrar"
102-->[com.google.firebase:firebase-datatransport:18.0.0] AndroidManifest.xml:29:17-115
103                android:value="com.google.firebase.components.ComponentRegistrar" />
103-->[com.google.firebase:firebase-datatransport:18.0.0] AndroidManifest.xml:30:17-82
104            <meta-data
104-->[com.google.firebase:firebase-auth:21.0.1] AndroidManifest.xml:77:13-79:85
105                android:name="com.google.firebase.components:com.google.firebase.auth.FirebaseAuthRegistrar"
105-->[com.google.firebase:firebase-auth:21.0.1] AndroidManifest.xml:78:17-109
106                android:value="com.google.firebase.components.ComponentRegistrar" />
106-->[com.google.firebase:firebase-auth:21.0.1] AndroidManifest.xml:79:17-82
107            <meta-data
107-->[com.google.firebase:firebase-firestore:23.0.0] AndroidManifest.xml:20:13-22:85
108                android:name="com.google.firebase.components:com.google.firebase.firestore.FirestoreRegistrar"
108-->[com.google.firebase:firebase-firestore:23.0.0] AndroidManifest.xml:21:17-111
109                android:value="com.google.firebase.components.ComponentRegistrar" />
109-->[com.google.firebase:firebase-firestore:23.0.0] AndroidManifest.xml:22:17-82
110            <meta-data
110-->[com.google.firebase:firebase-storage:20.0.0] AndroidManifest.xml:33:13-35:85
111                android:name="com.google.firebase.components:com.google.firebase.storage.StorageRegistrar"
111-->[com.google.firebase:firebase-storage:20.0.0] AndroidManifest.xml:34:17-107
112                android:value="com.google.firebase.components.ComponentRegistrar" />
112-->[com.google.firebase:firebase-storage:20.0.0] AndroidManifest.xml:35:17-82
113            <meta-data
113-->[com.google.android.gms:play-services-measurement-api:19.0.0] AndroidManifest.xml:30:13-32:85
114                android:name="com.google.firebase.components:com.google.firebase.analytics.connector.internal.AnalyticsConnectorRegistrar"
114-->[com.google.android.gms:play-services-measurement-api:19.0.0] AndroidManifest.xml:31:17-139
115                android:value="com.google.firebase.components.ComponentRegistrar" />
115-->[com.google.android.gms:play-services-measurement-api:19.0.0] AndroidManifest.xml:32:17-82
116            <meta-data
116-->[com.google.firebase:firebase-installations:17.0.0] AndroidManifest.xml:18:13-20:85
117                android:name="com.google.firebase.components:com.google.firebase.installations.FirebaseInstallationsRegistrar"
117-->[com.google.firebase:firebase-installations:17.0.0] AndroidManifest.xml:19:17-127
118                android:value="com.google.firebase.components.ComponentRegistrar" />
118-->[com.google.firebase:firebase-installations:17.0.0] AndroidManifest.xml:20:17-82
119        </service>
120
121        <provider
121-->[:image_picker] AndroidManifest.xml:11:9-19:20
122            android:name="io.flutter.plugins.imagepicker.ImagePickerFileProvider"
122-->[:image_picker] AndroidManifest.xml:12:13-82
123            android:authorities="com.example.adv_mad.flutter.image_provider"
123-->[:image_picker] AndroidManifest.xml:13:13-74
124            android:exported="false"
124-->[:image_picker] AndroidManifest.xml:14:13-37
125            android:grantUriPermissions="true" >
125-->[:image_picker] AndroidManifest.xml:15:13-47
126            <meta-data
126-->[:image_picker] AndroidManifest.xml:16:13-18:75
127                android:name="android.support.FILE_PROVIDER_PATHS"
127-->[:image_picker] AndroidManifest.xml:17:17-67
128                android:resource="@xml/flutter_image_picker_file_paths" />
128-->[:image_picker] AndroidManifest.xml:18:17-72
129        </provider>
130
131        <service
131-->[:firebase_messaging] AndroidManifest.xml:12:9-15:72
132            android:name="io.flutter.plugins.firebase.messaging.FlutterFirebaseMessagingBackgroundService"
132-->[:firebase_messaging] AndroidManifest.xml:13:13-107
133            android:exported="false"
133-->[:firebase_messaging] AndroidManifest.xml:14:13-37
134            android:permission="android.permission.BIND_JOB_SERVICE" />
134-->[:firebase_messaging] AndroidManifest.xml:15:13-69
135        <service
135-->[:firebase_messaging] AndroidManifest.xml:16:9-22:19
136            android:name="io.flutter.plugins.firebase.messaging.FlutterFirebaseMessagingService"
136-->[:firebase_messaging] AndroidManifest.xml:17:13-97
137            android:exported="false" >
137-->[:firebase_messaging] AndroidManifest.xml:18:13-37
138            <intent-filter>
138-->[:firebase_messaging] AndroidManifest.xml:19:13-21:29
139                <action android:name="com.google.firebase.MESSAGING_EVENT" />
139-->[:firebase_messaging] AndroidManifest.xml:20:17-78
139-->[:firebase_messaging] AndroidManifest.xml:20:25-75
140            </intent-filter>
141        </service>
142
143        <receiver
143-->[:firebase_messaging] AndroidManifest.xml:24:9-31:20
144            android:name="io.flutter.plugins.firebase.messaging.FlutterFirebaseMessagingReceiver"
144-->[:firebase_messaging] AndroidManifest.xml:25:13-98
145            android:exported="true"
145-->[:firebase_messaging] AndroidManifest.xml:26:13-36
146            android:permission="com.google.android.c2dm.permission.SEND" >
146-->[:firebase_messaging] AndroidManifest.xml:27:13-73
147            <intent-filter>
147-->[:firebase_messaging] AndroidManifest.xml:28:13-30:29
148                <action android:name="com.google.android.c2dm.intent.RECEIVE" />
148-->[:firebase_messaging] AndroidManifest.xml:29:17-81
148-->[:firebase_messaging] AndroidManifest.xml:29:25-78
149            </intent-filter>
150        </receiver>
151
152        <provider
152-->[:firebase_messaging] AndroidManifest.xml:39:9-43:38
153            android:name="io.flutter.plugins.firebase.messaging.FlutterFirebaseMessagingInitProvider"
153-->[:firebase_messaging] AndroidManifest.xml:40:13-102
154            android:authorities="com.example.adv_mad.flutterfirebasemessaginginitprovider"
154-->[:firebase_messaging] AndroidManifest.xml:41:13-88
155            android:exported="false"
155-->[:firebase_messaging] AndroidManifest.xml:42:13-37
156            android:initOrder="99" />
156-->[:firebase_messaging] AndroidManifest.xml:43:13-35
157
158        <receiver
158-->[com.google.firebase:firebase-messaging:22.0.0] AndroidManifest.xml:28:9-35:20
159            android:name="com.google.firebase.iid.FirebaseInstanceIdReceiver"
159-->[com.google.firebase:firebase-messaging:22.0.0] AndroidManifest.xml:29:13-78
160            android:exported="true"
160-->[com.google.firebase:firebase-messaging:22.0.0] AndroidManifest.xml:30:13-36
161            android:permission="com.google.android.c2dm.permission.SEND" >
161-->[com.google.firebase:firebase-messaging:22.0.0] AndroidManifest.xml:31:13-73
162            <intent-filter>
162-->[:firebase_messaging] AndroidManifest.xml:28:13-30:29
163                <action android:name="com.google.android.c2dm.intent.RECEIVE" />
163-->[:firebase_messaging] AndroidManifest.xml:29:17-81
163-->[:firebase_messaging] AndroidManifest.xml:29:25-78
164            </intent-filter>
165        </receiver>
166        <!--
167             FirebaseMessagingService performs security checks at runtime,
168             but set to not exported to explicitly avoid allowing another app to call it.
169        -->
170        <service
170-->[com.google.firebase:firebase-messaging:22.0.0] AndroidManifest.xml:41:9-48:19
171            android:name="com.google.firebase.messaging.FirebaseMessagingService"
171-->[com.google.firebase:firebase-messaging:22.0.0] AndroidManifest.xml:42:13-82
172            android:directBootAware="true"
172-->[com.google.firebase:firebase-messaging:22.0.0] AndroidManifest.xml:43:13-43
173            android:exported="false" >
173-->[com.google.firebase:firebase-messaging:22.0.0] AndroidManifest.xml:44:13-37
174            <intent-filter android:priority="-500" >
174-->[:firebase_messaging] AndroidManifest.xml:19:13-21:29
175                <action android:name="com.google.firebase.MESSAGING_EVENT" />
175-->[:firebase_messaging] AndroidManifest.xml:20:17-78
175-->[:firebase_messaging] AndroidManifest.xml:20:25-75
176            </intent-filter>
177        </service>
178        <service
178-->[com.google.android.datatransport:transport-backend-cct:3.0.0] AndroidManifest.xml:29:9-35:19
179            android:name="com.google.android.datatransport.runtime.backends.TransportBackendDiscovery"
179-->[com.google.android.datatransport:transport-backend-cct:3.0.0] AndroidManifest.xml:30:13-103
180            android:exported="false" >
180-->[com.google.android.datatransport:transport-backend-cct:3.0.0] AndroidManifest.xml:31:13-37
181            <meta-data
181-->[com.google.android.datatransport:transport-backend-cct:3.0.0] AndroidManifest.xml:32:13-34:39
182                android:name="backend:com.google.android.datatransport.cct.CctBackendFactory"
182-->[com.google.android.datatransport:transport-backend-cct:3.0.0] AndroidManifest.xml:33:17-94
183                android:value="cct" />
183-->[com.google.android.datatransport:transport-backend-cct:3.0.0] AndroidManifest.xml:34:17-36
184        </service>
185
186        <activity
186-->[com.google.firebase:firebase-auth:21.0.1] AndroidManifest.xml:27:9-44:20
187            android:name="com.google.firebase.auth.internal.GenericIdpActivity"
187-->[com.google.firebase:firebase-auth:21.0.1] AndroidManifest.xml:28:13-80
188            android:excludeFromRecents="true"
188-->[com.google.firebase:firebase-auth:21.0.1] AndroidManifest.xml:29:13-46
189            android:exported="true"
189-->[com.google.firebase:firebase-auth:21.0.1] AndroidManifest.xml:30:13-36
190            android:launchMode="singleTask"
190-->[com.google.firebase:firebase-auth:21.0.1] AndroidManifest.xml:31:13-44
191            android:theme="@android:style/Theme.Translucent.NoTitleBar" >
191-->[com.google.firebase:firebase-auth:21.0.1] AndroidManifest.xml:32:13-72
192            <intent-filter>
192-->[com.google.firebase:firebase-auth:21.0.1] AndroidManifest.xml:33:13-43:29
193                <action android:name="android.intent.action.VIEW" />
193-->[com.google.firebase:firebase-auth:21.0.1] AndroidManifest.xml:34:17-69
193-->[com.google.firebase:firebase-auth:21.0.1] AndroidManifest.xml:34:25-66
194
195                <category android:name="android.intent.category.DEFAULT" />
195-->[com.google.firebase:firebase-auth:21.0.1] AndroidManifest.xml:36:17-76
195-->[com.google.firebase:firebase-auth:21.0.1] AndroidManifest.xml:36:27-73
196                <category android:name="android.intent.category.BROWSABLE" />
196-->[com.google.firebase:firebase-auth:21.0.1] AndroidManifest.xml:37:17-78
196-->[com.google.firebase:firebase-auth:21.0.1] AndroidManifest.xml:37:27-75
197
198                <data
198-->[com.google.firebase:firebase-auth:21.0.1] AndroidManifest.xml:39:17-42:51
199                    android:host="firebase.auth"
199-->[com.google.firebase:firebase-auth:21.0.1] AndroidManifest.xml:40:21-49
200                    android:path="/"
200-->[com.google.firebase:firebase-auth:21.0.1] AndroidManifest.xml:41:21-37
201                    android:scheme="genericidp" />
201-->[com.google.firebase:firebase-auth:21.0.1] AndroidManifest.xml:42:21-48
202            </intent-filter>
203        </activity>
204        <activity
204-->[com.google.firebase:firebase-auth:21.0.1] AndroidManifest.xml:45:9-62:20
205            android:name="com.google.firebase.auth.internal.RecaptchaActivity"
205-->[com.google.firebase:firebase-auth:21.0.1] AndroidManifest.xml:46:13-79
206            android:excludeFromRecents="true"
206-->[com.google.firebase:firebase-auth:21.0.1] AndroidManifest.xml:47:13-46
207            android:exported="true"
207-->[com.google.firebase:firebase-auth:21.0.1] AndroidManifest.xml:48:13-36
208            android:launchMode="singleTask"
208-->[com.google.firebase:firebase-auth:21.0.1] AndroidManifest.xml:49:13-44
209            android:theme="@android:style/Theme.Translucent.NoTitleBar" >
209-->[com.google.firebase:firebase-auth:21.0.1] AndroidManifest.xml:50:13-72
210            <intent-filter>
210-->[com.google.firebase:firebase-auth:21.0.1] AndroidManifest.xml:51:13-61:29
211                <action android:name="android.intent.action.VIEW" />
211-->[com.google.firebase:firebase-auth:21.0.1] AndroidManifest.xml:34:17-69
211-->[com.google.firebase:firebase-auth:21.0.1] AndroidManifest.xml:34:25-66
212
213                <category android:name="android.intent.category.DEFAULT" />
213-->[com.google.firebase:firebase-auth:21.0.1] AndroidManifest.xml:36:17-76
213-->[com.google.firebase:firebase-auth:21.0.1] AndroidManifest.xml:36:27-73
214                <category android:name="android.intent.category.BROWSABLE" />
214-->[com.google.firebase:firebase-auth:21.0.1] AndroidManifest.xml:37:17-78
214-->[com.google.firebase:firebase-auth:21.0.1] AndroidManifest.xml:37:27-75
215
216                <data
216-->[com.google.firebase:firebase-auth:21.0.1] AndroidManifest.xml:39:17-42:51
217                    android:host="firebase.auth"
217-->[com.google.firebase:firebase-auth:21.0.1] AndroidManifest.xml:40:21-49
218                    android:path="/"
218-->[com.google.firebase:firebase-auth:21.0.1] AndroidManifest.xml:41:21-37
219                    android:scheme="recaptcha" />
219-->[com.google.firebase:firebase-auth:21.0.1] AndroidManifest.xml:42:21-48
220            </intent-filter>
221        </activity>
222
223        <service
223-->[com.google.firebase:firebase-auth:21.0.1] AndroidManifest.xml:64:9-73:19
224            android:name="com.google.firebase.auth.api.fallback.service.FirebaseAuthFallbackService"
224-->[com.google.firebase:firebase-auth:21.0.1] AndroidManifest.xml:65:13-101
225            android:enabled="true"
225-->[com.google.firebase:firebase-auth:21.0.1] AndroidManifest.xml:66:13-35
226            android:exported="false" >
226-->[com.google.firebase:firebase-auth:21.0.1] AndroidManifest.xml:67:13-37
227            <intent-filter>
227-->[com.google.firebase:firebase-auth:21.0.1] AndroidManifest.xml:68:13-72:29
228                <action android:name="com.google.firebase.auth.api.gms.service.START" />
228-->[com.google.firebase:firebase-auth:21.0.1] AndroidManifest.xml:69:17-89
228-->[com.google.firebase:firebase-auth:21.0.1] AndroidManifest.xml:69:25-86
229
230                <category android:name="android.intent.category.DEFAULT" />
230-->[com.google.firebase:firebase-auth:21.0.1] AndroidManifest.xml:36:17-76
230-->[com.google.firebase:firebase-auth:21.0.1] AndroidManifest.xml:36:27-73
231            </intent-filter>
232        </service>
233
234        <provider
234-->[com.google.firebase:firebase-common:20.0.0] AndroidManifest.xml:26:9-31:39
235            android:name="com.google.firebase.provider.FirebaseInitProvider"
235-->[com.google.firebase:firebase-common:20.0.0] AndroidManifest.xml:27:13-77
236            android:authorities="com.example.adv_mad.firebaseinitprovider"
236-->[com.google.firebase:firebase-common:20.0.0] AndroidManifest.xml:28:13-72
237            android:directBootAware="true"
237-->[com.google.firebase:firebase-common:20.0.0] AndroidManifest.xml:29:13-43
238            android:exported="false"
238-->[com.google.firebase:firebase-common:20.0.0] AndroidManifest.xml:30:13-37
239            android:initOrder="100" />
239-->[com.google.firebase:firebase-common:20.0.0] AndroidManifest.xml:31:13-36
240
241        <receiver
241-->[com.google.android.gms:play-services-measurement:19.0.0] AndroidManifest.xml:29:9-33:20
242            android:name="com.google.android.gms.measurement.AppMeasurementReceiver"
242-->[com.google.android.gms:play-services-measurement:19.0.0] AndroidManifest.xml:30:13-85
243            android:enabled="true"
243-->[com.google.android.gms:play-services-measurement:19.0.0] AndroidManifest.xml:31:13-35
244            android:exported="false" >
244-->[com.google.android.gms:play-services-measurement:19.0.0] AndroidManifest.xml:32:13-37
245        </receiver>
246
247        <service
247-->[com.google.android.gms:play-services-measurement:19.0.0] AndroidManifest.xml:35:9-38:40
248            android:name="com.google.android.gms.measurement.AppMeasurementService"
248-->[com.google.android.gms:play-services-measurement:19.0.0] AndroidManifest.xml:36:13-84
249            android:enabled="true"
249-->[com.google.android.gms:play-services-measurement:19.0.0] AndroidManifest.xml:37:13-35
250            android:exported="false" />
250-->[com.google.android.gms:play-services-measurement:19.0.0] AndroidManifest.xml:38:13-37
251        <service
251-->[com.google.android.gms:play-services-measurement:19.0.0] AndroidManifest.xml:39:9-43:72
252            android:name="com.google.android.gms.measurement.AppMeasurementJobService"
252-->[com.google.android.gms:play-services-measurement:19.0.0] AndroidManifest.xml:40:13-87
253            android:enabled="true"
253-->[com.google.android.gms:play-services-measurement:19.0.0] AndroidManifest.xml:41:13-35
254            android:exported="false"
254-->[com.google.android.gms:play-services-measurement:19.0.0] AndroidManifest.xml:42:13-37
255            android:permission="android.permission.BIND_JOB_SERVICE" />
255-->[com.google.android.gms:play-services-measurement:19.0.0] AndroidManifest.xml:43:13-69
256
257        <activity
257-->[com.google.android.gms:play-services-base:17.1.0] AndroidManifest.xml:23:9-26:75
258            android:name="com.google.android.gms.common.api.GoogleApiActivity"
258-->[com.google.android.gms:play-services-base:17.1.0] AndroidManifest.xml:24:13-79
259            android:exported="false"
259-->[com.google.android.gms:play-services-base:17.1.0] AndroidManifest.xml:25:13-37
260            android:theme="@android:style/Theme.Translucent.NoTitleBar" />
260-->[com.google.android.gms:play-services-base:17.1.0] AndroidManifest.xml:26:13-72
261
262        <meta-data
262-->[com.google.android.gms:play-services-basement:17.2.1] AndroidManifest.xml:23:9-25:69
263            android:name="com.google.android.gms.version"
263-->[com.google.android.gms:play-services-basement:17.2.1] AndroidManifest.xml:24:13-58
264            android:value="@integer/google_play_services_version" />
264-->[com.google.android.gms:play-services-basement:17.2.1] AndroidManifest.xml:25:13-66
265
266        <service
266-->[com.google.android.datatransport:transport-runtime:3.0.0] AndroidManifest.xml:26:9-30:19
267            android:name="com.google.android.datatransport.runtime.scheduling.jobscheduling.JobInfoSchedulerService"
267-->[com.google.android.datatransport:transport-runtime:3.0.0] AndroidManifest.xml:27:13-117
268            android:exported="false"
268-->[com.google.android.datatransport:transport-runtime:3.0.0] AndroidManifest.xml:28:13-37
269            android:permission="android.permission.BIND_JOB_SERVICE" >
269-->[com.google.android.datatransport:transport-runtime:3.0.0] AndroidManifest.xml:29:13-69
270        </service>
271
272        <receiver
272-->[com.google.android.datatransport:transport-runtime:3.0.0] AndroidManifest.xml:32:9-34:40
273            android:name="com.google.android.datatransport.runtime.scheduling.jobscheduling.AlarmManagerSchedulerBroadcastReceiver"
273-->[com.google.android.datatransport:transport-runtime:3.0.0] AndroidManifest.xml:33:13-132
274            android:exported="false" />
274-->[com.google.android.datatransport:transport-runtime:3.0.0] AndroidManifest.xml:34:13-37
275    </application>
276
277</manifest>